[2020-03-28 20:58:37][2] Processing: App\Listeners\SendWelcomeEmail
[2020-03-28 20:58:42][2] Processed:  App\Listeners\SendWelcomeEmail
[2020-03-28 20:59:45][3] Processing: App\Listeners\SendWelcomeEmail
[2020-03-28 20:59:49][3] Processed:  App\Listeners\SendWelcomeEmail
[2020-03-28 21:11:08][4] Processing: App\Listeners\SendWelcomeEmail
[2020-03-28 21:11:12][4] Processed:  App\Listeners\SendWelcomeEmail
[2020-03-28 21:13:03][5] Processing: App\Listeners\SendWelcomeEmail
[2020-03-28 21:13:08][5] Processed:  App\Listeners\SendWelcomeEmail
[2020-03-28 21:13:56][6] Processing: App\Listeners\SendWelcomeEmail
[2020-03-28 21:14:00][6] Processed:  App\Listeners\SendWelcomeEmail
[2020-03-28 22:43:44][7] Processing: App\Listeners\SendTaskAssignEmail
[2020-03-28 22:43:47][7] Processed:  App\Listeners\SendTaskAssignEmail
[2020-03-28 22:43:59][8] Processing: App\Listeners\SendTaskAssignEmail
[2020-03-28 22:44:02][8] Processed:  App\Listeners\SendTaskAssignEmail
[2020-03-28 22:44:02][9] Processing: App\Listeners\SendTaskAssignEmail
[2020-03-28 22:44:05][9] Processed:  App\Listeners\SendTaskAssignEmail
[2020-03-28 22:44:59][10] Processing: App\Listeners\SendTaskAssignEmail
[2020-03-28 22:45:02][10] Processed:  App\Listeners\SendTaskAssignEmail
[2020-03-28 22:45:53][11] Processing: App\Listeners\SendTaskAssignEmail
[2020-03-28 22:45:56][11] Processed:  App\Listeners\SendTaskAssignEmail
[2020-03-28 22:48:42][12] Processing: App\Listeners\SendTaskAssignEmail
[2020-03-28 22:48:45][12] Processed:  App\Listeners\SendTaskAssignEmail
[2020-03-28 22:48:48][13] Processing: App\Listeners\SendTaskAssignEmail
[2020-03-28 22:48:51][13] Processed:  App\Listeners\SendTaskAssignEmail
[2020-03-28 22:54:10][14] Processing: App\Listeners\SendTaskAssignEmail
[2020-03-28 22:54:10][15] Processing: App\Listeners\SendTaskAssignEmail
[2020-03-28 22:54:10][16] Processing: App\Listeners\SendTaskAssignEmail
[2020-03-28 22:54:10][17] Processing: App\Listeners\SendTaskAssignEmail
[2020-03-28 22:54:10][18] Processing: App\Listeners\SendTaskAssignEmail
[2020-03-28 22:54:10][19] Processing: App\Listeners\SendTaskAssignEmail
[2020-03-28 22:54:10][20] Processing: App\Listeners\SendTaskAssignEmail
[2020-03-28 22:54:10][21] Processing: App\Listeners\SendTaskAssignEmail
[2020-03-28 22:54:10][22] Processing: App\Listeners\SendTaskAssignEmail
[2020-03-28 22:54:10][23] Processing: App\Listeners\SendTaskAssignEmail
[2020-03-28 22:54:10][24] Processing: App\Listeners\SendTaskAssignEmail
[2020-03-28 22:54:10][25] Processing: App\Listeners\SendTaskAssignEmail
[2020-03-28 22:54:10][26] Processing: App\Listeners\SendTaskAssignEmail
[2020-03-28 22:54:10][27] Processing: App\Listeners\SendTaskAssignEmail
[2020-03-28 22:54:10][28] Processing: App\Listeners\SendTaskAssignEmail
[2020-03-28 22:54:10][29] Processing: App\Listeners\SendTaskAssignEmail
[2020-03-28 22:54:10][30] Processing: App\Listeners\SendTaskAssignEmail
[2020-03-28 22:54:10][31] Processing: App\Listeners\SendTaskAssignEmail
[2020-03-28 22:54:10][32] Processing: App\Listeners\SendTaskAssignEmail
[2020-03-28 22:54:10][33] Processing: App\Listeners\SendTaskAssignEmail
[2020-03-28 22:54:10][34] Processing: App\Listeners\SendTaskAssignEmail
[2020-03-28 22:54:10][35] Processing: App\Listeners\SendTaskAssignEmail
[2020-03-28 22:54:10][36] Processing: App\Listeners\SendTaskAssignEmail
[2020-03-28 22:54:10][37] Processing: App\Listeners\SendTaskAssignEmail
[2020-03-28 22:54:10][38] Processing: App\Listeners\SendTaskAssignEmail
[2020-03-28 22:54:10][39] Processing: App\Listeners\SendTaskAssignEmail
[2020-03-28 22:54:10][40] Processing: App\Listeners\SendTaskAssignEmail
[2020-03-28 22:54:10][41] Processing: App\Listeners\SendTaskAssignEmail
[2020-03-28 22:54:10][42] Processing: App\Listeners\SendTaskAssignEmail
[2020-03-28 22:54:10][43] Processing: App\Listeners\SendTaskAssignEmail
[2020-03-28 22:54:10][44] Processing: App\Listeners\SendTaskAssignEmail
[2020-03-28 22:54:10][45] Processing: App\Listeners\SendTaskAssignEmail
[2020-03-28 22:54:10][46] Processing: App\Listeners\SendTaskAssignEmail
[2020-03-28 22:54:10][47] Processing: App\Listeners\SendTaskAssignEmail
[2020-03-28 22:54:10][48] Processing: App\Listeners\SendTaskAssignEmail
[2020-03-28 22:54:10][49] Processing: App\Listeners\SendTaskAssignEmail
[2020-03-28 22:54:10][50] Processing: App\Listeners\SendTaskAssignEmail
[2020-03-28 22:54:10][51] Processing: App\Listeners\SendTaskAssignEmail
[2020-03-28 22:54:10][52] Processing: App\Listeners\SendTaskAssignEmail
[2020-03-28 22:54:10][53] Processing: App\Listeners\SendTaskAssignEmail
[2020-03-28 22:54:10][54] Processing: App\Listeners\SendTaskAssignEmail
[2020-03-28 22:54:10][55] Processing: App\Listeners\SendTaskAssignEmail
[2020-03-28 22:54:10][56] Processing: App\Listeners\SendTaskAssignEmail
[2020-03-28 22:54:10][57] Processing: App\Listeners\SendTaskAssignEmail
[2020-03-28 22:54:10][58] Processing: App\Listeners\SendTaskAssignEmail
[2020-03-28 22:54:10][59] Processing: App\Listeners\SendTaskAssignEmail
[2020-03-28 22:54:10][60] Processing: App\Listeners\SendTaskAssignEmail
[2020-03-28 22:54:10][61] Processing: App\Listeners\SendTaskAssignEmail
[2020-03-28 22:54:10][62] Processing: App\Listeners\SendTaskAssignEmail
[2020-03-28 22:54:10][63] Processing: App\Listeners\SendTaskAssignEmail
[2020-03-28 22:54:10][64] Processing: App\Listeners\SendTaskAssignEmail
[2020-03-28 22:54:10][65] Processing: App\Listeners\SendTaskAssignEmail
[2020-03-28 22:54:10][66] Processing: App\Listeners\SendTaskAssignEmail
[2020-03-28 22:54:10][67] Processing: App\Listeners\SendTaskAssignEmail
[2020-03-28 22:54:10][68] Processing: App\Listeners\SendTaskAssignEmail
[2020-03-28 22:54:10][69] Processing: App\Listeners\SendTaskAssignEmail
[2020-03-28 22:54:10][70] Processing: App\Listeners\SendTaskAssignEmail
[2020-03-28 22:54:10][71] Processing: App\Listeners\SendTaskAssignEmail
[2020-03-28 22:54:10][72] Processing: App\Listeners\SendTaskAssignEmail
[2020-03-28 22:54:10][73] Processing: App\Listeners\SendTaskAssignEmail
[2020-03-28 22:54:10][74] Processing: App\Listeners\SendTaskAssignEmail
[2020-03-28 22:54:10][75] Processing: App\Listeners\SendTaskAssignEmail
[2020-03-28 22:54:10][76] Processing: App\Listeners\SendTaskAssignEmail
[2020-03-28 22:54:10][77] Processing: App\Listeners\SendTaskAssignEmail
[2020-03-28 22:54:10][78] Processing: App\Listeners\SendTaskAssignEmail
[2020-03-28 22:54:10][79] Processing: App\Listeners\SendTaskAssignEmail
[2020-03-28 22:54:10][80] Processing: App\Listeners\SendTaskAssignEmail
[2020-03-28 22:54:10][81] Processing: App\Listeners\SendTaskAssignEmail
[2020-03-28 22:54:10][82] Processing: App\Listeners\SendTaskAssignEmail
[2020-03-28 22:54:10][83] Processing: App\Listeners\SendTaskAssignEmail
[2020-03-28 22:54:10][84] Processing: App\Listeners\SendTaskAssignEmail
[2020-03-28 22:54:10][85] Processing: App\Listeners\SendTaskAssignEmail
[2020-03-28 22:54:10][86] Processing: App\Listeners\SendTaskAssignEmail
[2020-03-28 22:54:10][87] Processing: App\Listeners\SendTaskAssignEmail
[2020-03-28 22:54:10][88] Processing: App\Listeners\SendTaskAssignEmail
[2020-03-28 22:54:10][89] Processing: App\Listeners\SendTaskAssignEmail
[2020-03-28 22:54:10][90] Processing: App\Listeners\SendTaskAssignEmail
[2020-03-28 22:54:10][91] Processing: App\Listeners\SendTaskAssignEmail
[2020-03-28 22:54:10][92] Processing: App\Listeners\SendTaskAssignEmail
[2020-03-28 22:54:10][93] Processing: App\Listeners\SendTaskAssignEmail
[2020-03-28 22:54:10][94] Processing: App\Listeners\SendTaskAssignEmail
[2020-03-28 22:54:10][95] Processing: App\Listeners\SendTaskAssignEmail
[2020-03-28 22:54:10][96] Processing: App\Listeners\SendTaskAssignEmail
[2020-03-28 22:54:10][97] Processing: App\Listeners\SendTaskAssignEmail
[2020-03-28 22:54:10][98] Processing: App\Listeners\SendTaskAssignEmail
[2020-03-28 22:54:10][99] Processing: App\Listeners\SendTaskAssignEmail
[2020-03-28 22:54:10][100] Processing: App\Listeners\SendTaskAssignEmail
[2020-03-28 22:54:10][101] Processing: App\Listeners\SendTaskAssignEmail
[2020-03-28 22:54:10][102] Processing: App\Listeners\SendTaskAssignEmail
[2020-03-28 22:54:10][103] Processing: App\Listeners\SendTaskAssignEmail
[2020-03-28 22:54:10][104] Processing: App\Listeners\SendTaskAssignEmail
[2020-03-28 22:54:10][105] Processing: App\Listeners\SendTaskAssignEmail
[2020-03-28 22:54:10][106] Processing: App\Listeners\SendTaskAssignEmail
[2020-03-28 22:54:10][107] Processing: App\Listeners\SendTaskAssignEmail
[2020-03-28 22:54:10][108] Processing: App\Listeners\SendTaskAssignEmail
[2020-03-28 22:54:10][109] Processing: App\Listeners\SendTaskAssignEmail
[2020-03-28 22:54:10][110] Processing: App\Listeners\SendTaskAssignEmail
[2020-03-28 22:54:10][111] Processing: App\Listeners\SendTaskAssignEmail
[2020-03-28 22:54:10][112] Processing: App\Listeners\SendTaskAssignEmail
[2020-03-28 22:54:10][113] Processing: App\Listeners\SendTaskAssignEmail
[2020-03-28 22:54:10][114] Processing: App\Listeners\SendTaskAssignEmail
[2020-03-28 22:54:10][115] Processing: App\Listeners\SendTaskAssignEmail
[2020-03-28 22:54:10][116] Processing: App\Listeners\SendTaskAssignEmail
[2020-03-28 22:54:10][117] Processing: App\Listeners\SendTaskAssignEmail
[2020-03-28 22:54:10][118] Processing: App\Listeners\SendTaskAssignEmail
[2020-03-28 22:54:10][119] Processing: App\Listeners\SendTaskAssignEmail
[2020-03-28 22:54:10][120] Processing: App\Listeners\SendTaskAssignEmail
[2020-03-28 22:54:10][121] Processing: App\Listeners\SendTaskAssignEmail
[2020-03-28 22:54:10][122] Processing: App\Listeners\SendTaskAssignEmail
[2020-03-28 22:54:10][123] Processing: App\Listeners\SendTaskAssignEmail
[2020-03-28 22:54:10][124] Processing: App\Listeners\SendTaskAssignEmail
[2020-03-28 22:54:10][125] Processing: App\Listeners\SendTaskAssignEmail
[2020-03-28 22:54:10][126] Processing: App\Listeners\SendTaskAssignEmail
[2020-03-28 22:54:10][127] Processing: App\Listeners\SendTaskAssignEmail
[2020-03-28 22:54:10][128] Processing: App\Listeners\SendTaskAssignEmail
[2020-03-28 22:54:10][129] Processing: App\Listeners\SendTaskAssignEmail
[2020-03-28 22:54:10][130] Processing: App\Listeners\SendTaskAssignEmail
[2020-03-28 22:54:10][131] Processing: App\Listeners\SendTaskAssignEmail
[2020-03-28 22:54:10][132] Processing: App\Listeners\SendTaskAssignEmail
[2020-03-28 22:54:10][133] Processing: App\Listeners\SendTaskAssignEmail
[2020-03-28 22:54:10][134] Processing: App\Listeners\SendTaskAssignEmail
[2020-03-28 22:54:10][135] Processing: App\Listeners\SendTaskAssignEmail
[2020-03-28 22:54:10][136] Processing: App\Listeners\SendTaskAssignEmail
[2020-03-28 22:54:10][137] Processing: App\Listeners\SendTaskAssignEmail
[2020-03-28 22:54:10][138] Processing: App\Listeners\SendTaskAssignEmail
[2020-03-28 22:54:10][139] Processing: App\Listeners\SendTaskAssignEmail
[2020-03-28 22:54:10][140] Processing: App\Listeners\SendTaskAssignEmail
[2020-03-28 22:54:10][141] Processing: App\Listeners\SendTaskAssignEmail
[2020-03-28 22:54:10][142] Processing: App\Listeners\SendTaskAssignEmail
[2020-03-28 22:54:10][143] Processing: App\Listeners\SendTaskAssignEmail
[2020-03-28 22:54:10][144] Processing: App\Listeners\SendTaskAssignEmail
[2020-03-28 22:54:10][145] Processing: App\Listeners\SendTaskAssignEmail
[2020-03-28 22:54:10][146] Processing: App\Listeners\SendTaskAssignEmail
[2020-03-28 22:54:10][147] Processing: App\Listeners\SendTaskAssignEmail
[2020-03-28 22:54:10][148] Processing: App\Listeners\SendTaskAssignEmail
[2020-03-28 22:54:10][149] Processing: App\Listeners\SendTaskAssignEmail
[2020-03-28 22:54:10][150] Processing: App\Listeners\SendTaskAssignEmail
[2020-03-28 22:54:10][151] Processing: App\Listeners\SendTaskAssignEmail
[2020-03-28 22:54:10][152] Processing: App\Listeners\SendTaskAssignEmail
[2020-03-28 22:54:11][153] Processing: App\Listeners\SendTaskAssignEmail
[2020-03-28 22:54:11][154] Processing: App\Listeners\SendTaskAssignEmail
[2020-03-28 22:54:11][155] Processing: App\Listeners\SendTaskAssignEmail
[2020-03-28 22:54:11][156] Processing: App\Listeners\SendTaskAssignEmail
[2020-03-28 22:54:11][157] Processing: App\Listeners\SendTaskAssignEmail
[2020-03-28 22:54:11][158] Processing: App\Listeners\SendTaskAssignEmail
[2020-03-28 22:54:11][159] Processing: App\Listeners\SendTaskAssignEmail
[2020-03-28 22:54:11][160] Processing: App\Listeners\SendTaskAssignEmail
[2020-03-28 22:54:11][161] Processing: App\Listeners\SendTaskAssignEmail
[2020-03-28 22:54:11][162] Processing: App\Listeners\SendTaskAssignEmail
[2020-03-28 22:54:11][163] Processing: App\Listeners\SendTaskAssignEmail
[2020-03-28 22:54:11][164] Processing: App\Listeners\SendTaskAssignEmail
[2020-03-28 22:54:11][165] Processing: App\Listeners\SendTaskAssignEmail
[2020-03-28 22:54:11][166] Processing: App\Listeners\SendTaskAssignEmail
[2020-03-28 22:54:11][167] Processing: App\Listeners\SendTaskAssignEmail
[2020-03-28 22:54:11][168] Processing: App\Listeners\SendTaskAssignEmail
[2020-03-28 22:54:11][169] Processing: App\Listeners\SendTaskAssignEmail
[2020-03-28 22:54:11][170] Processing: App\Listeners\SendTaskAssignEmail
[2020-03-28 22:54:11][171] Processing: App\Listeners\SendTaskAssignEmail
[2020-03-28 22:54:11][172] Processing: App\Listeners\SendTaskAssignEmail
[2020-03-28 22:54:11][173] Processing: App\Listeners\SendTaskAssignEmail
[2020-03-28 22:54:11][174] Processing: App\Listeners\SendTaskAssignEmail
[2020-03-28 22:54:11][175] Processing: App\Listeners\SendTaskAssignEmail
[2020-03-28 22:54:11][176] Processing: App\Listeners\SendTaskAssignEmail
[2020-03-28 22:54:11][177] Processing: App\Listeners\SendTaskAssignEmail
[2020-03-28 22:54:11][178] Processing: App\Listeners\SendTaskAssignEmail
[2020-03-28 22:54:11][179] Processing: App\Listeners\SendTaskAssignEmail
[2020-03-28 22:54:11][180] Processing: App\Listeners\SendTaskAssignEmail
[2020-03-28 22:54:11][181] Processing: App\Listeners\SendTaskAssignEmail
[2020-03-28 22:54:11][182] Processing: App\Listeners\SendTaskAssignEmail
[2020-03-28 22:54:11][183] Processing: App\Listeners\SendTaskAssignEmail
[2020-03-28 22:54:11][184] Processing: App\Listeners\SendTaskAssignEmail
[2020-03-28 22:54:11][185] Processing: App\Listeners\SendTaskAssignEmail
[2020-03-28 22:54:11][186] Processing: App\Listeners\SendTaskAssignEmail
[2020-03-28 22:54:11][187] Processing: App\Listeners\SendTaskAssignEmail
[2020-03-28 22:54:11][188] Processing: App\Listeners\SendTaskAssignEmail
[2020-03-28 22:54:11][189] Processing: App\Listeners\SendTaskAssignEmail
[2020-03-28 22:54:11][190] Processing: App\Listeners\SendTaskAssignEmail
[2020-03-28 22:54:11][191] Processing: App\Listeners\SendTaskAssignEmail
[2020-03-28 22:54:11][192] Processing: App\Listeners\SendTaskAssignEmail
[2020-03-28 22:54:11][193] Processing: App\Listeners\SendTaskAssignEmail
[2020-03-28 22:54:11][194] Processing: App\Listeners\SendTaskAssignEmail
[2020-03-28 22:54:11][195] Processing: App\Listeners\SendTaskAssignEmail
[2020-03-28 22:54:11][196] Processing: App\Listeners\SendTaskAssignEmail
[2020-03-28 22:54:11][197] Processing: App\Listeners\SendTaskAssignEmail
[2020-03-28 22:54:11][198] Processing: App\Listeners\SendTaskAssignEmail
[2020-03-28 22:54:11][199] Processing: App\Listeners\SendTaskAssignEmail
[2020-03-28 22:54:11][200] Processing: App\Listeners\SendTaskAssignEmail
[2020-03-28 22:54:11][201] Processing: App\Listeners\SendTaskAssignEmail
[2020-03-28 22:54:11][202] Processing: App\Listeners\SendTaskAssignEmail
[2020-03-28 22:54:11][203] Processing: App\Listeners\SendTaskAssignEmail
[2020-03-28 22:54:11][204] Processing: App\Listeners\SendTaskAssignEmail
[2020-03-28 22:54:11][205] Processing: App\Listeners\SendTaskAssignEmail
[2020-03-28 22:54:11][206] Processing: App\Listeners\SendTaskAssignEmail
[2020-03-28 22:54:11][207] Processing: App\Listeners\SendTaskAssignEmail
[2020-03-28 22:54:11][208] Processing: App\Listeners\SendTaskAssignEmail
[2020-03-28 22:54:11][209] Processing: App\Listeners\SendTaskAssignEmail
[2020-03-28 22:54:11][210] Processing: App\Listeners\SendTaskAssignEmail
[2020-03-28 22:54:11][211] Processing: App\Listeners\SendTaskAssignEmail
[2020-03-28 22:54:11][212] Processing: App\Listeners\SendTaskAssignEmail
[2020-03-28 22:54:11][213] Processing: App\Listeners\SendTaskAssignEmail
[2020-03-28 22:54:11][214] Processing: App\Listeners\SendTaskAssignEmail
[2020-03-28 22:54:11][215] Processing: App\Listeners\SendTaskAssignEmail
[2020-03-28 22:54:11][216] Processing: App\Listeners\SendTaskAssignEmail
[2020-03-28 22:54:11][217] Processing: App\Listeners\SendTaskAssignEmail
[2020-03-28 22:54:11][218] Processing: App\Listeners\SendTaskAssignEmail
[2020-03-28 22:54:11][219] Processing: App\Listeners\SendTaskAssignEmail
[2020-03-28 22:54:11][220] Processing: App\Listeners\SendTaskAssignEmail
[2020-03-28 22:54:11][221] Processing: App\Listeners\SendTaskAssignEmail
[2020-03-28 22:54:11][222] Processing: App\Listeners\SendTaskAssignEmail
[2020-03-28 22:54:11][223] Processing: App\Listeners\SendTaskAssignEmail
[2020-03-28 22:54:11][224] Processing: App\Listeners\SendTaskAssignEmail
[2020-03-28 22:54:11][225] Processing: App\Listeners\SendTaskAssignEmail
[2020-03-28 22:54:11][226] Processing: App\Listeners\SendTaskAssignEmail
[2020-03-28 22:54:11][227] Processing: App\Listeners\SendTaskAssignEmail
[2020-03-28 22:54:11][228] Processing: App\Listeners\SendTaskAssignEmail
[2020-03-28 22:54:11][229] Processing: App\Listeners\SendTaskAssignEmail
[2020-03-28 22:54:11][230] Processing: App\Listeners\SendTaskAssignEmail
[2020-03-28 22:54:11][231] Processing: App\Listeners\SendTaskAssignEmail
[2020-03-28 22:54:11][232] Processing: App\Listeners\SendTaskAssignEmail
[2020-03-28 22:54:11][233] Processing: App\Listeners\SendTaskAssignEmail
[2020-03-28 22:54:11][234] Processing: App\Listeners\SendTaskAssignEmail
[2020-03-28 22:54:11][235] Processing: App\Listeners\SendTaskAssignEmail
[2020-03-28 22:54:11][236] Processing: App\Listeners\SendTaskAssignEmail
[2020-03-28 22:54:11][237] Processing: App\Listeners\SendTaskAssignEmail
[2020-03-28 22:54:11][238] Processing: App\Listeners\SendTaskAssignEmail
[2020-03-28 22:54:11][239] Processing: App\Listeners\SendTaskAssignEmail
[2020-03-28 22:54:11][240] Processing: App\Listeners\SendTaskAssignEmail
[2020-03-28 22:54:11][241] Processing: App\Listeners\SendTaskAssignEmail
[2020-03-28 22:54:11][242] Processing: App\Listeners\SendTaskAssignEmail
[2020-03-28 22:54:11][243] Processing: App\Listeners\SendTaskAssignEmail
[2020-03-28 22:54:11][244] Processing: App\Listeners\SendTaskAssignEmail
[2020-03-28 22:54:11][245] Processing: App\Listeners\SendTaskAssignEmail
[2020-03-28 22:54:11][246] Processing: App\Listeners\SendTaskAssignEmail
[2020-03-28 22:54:11][247] Processing: App\Listeners\SendTaskAssignEmail
[2020-03-28 22:54:11][248] Processing: App\Listeners\SendTaskAssignEmail
[2020-03-28 22:54:11][249] Processing: App\Listeners\SendTaskAssignEmail
[2020-03-28 22:54:11][250] Processing: App\Listeners\SendTaskAssignEmail
[2020-03-28 22:54:11][251] Processing: App\Listeners\SendTaskAssignEmail
[2020-03-28 22:54:11][252] Processing: App\Listeners\SendTaskAssignEmail
[2020-03-28 22:54:11][253] Processing: App\Listeners\SendTaskAssignEmail
[2020-03-28 22:54:11][254] Processing: App\Listeners\SendTaskAssignEmail
[2020-03-28 22:54:11][255] Processing: App\Listeners\SendTaskAssignEmail
[2020-03-28 22:54:11][256] Processing: App\Listeners\SendTaskAssignEmail
[2020-03-28 22:54:11][257] Processing: App\Listeners\SendTaskAssignEmail
[2020-03-28 22:54:11][258] Processing: App\Listeners\SendTaskAssignEmail
[2020-03-28 22:54:11][259] Processing: App\Listeners\SendTaskAssignEmail
[2020-03-28 22:54:11][260] Processing: App\Listeners\SendTaskAssignEmail
[2020-03-28 22:54:11][261] Processing: App\Listeners\SendTaskAssignEmail
[2020-03-28 22:54:11][262] Processing: App\Listeners\SendTaskAssignEmail
[2020-03-28 22:54:11][263] Processing: App\Listeners\SendTaskAssignEmail
[2020-03-28 22:54:11][264] Processing: App\Listeners\SendTaskAssignEmail
[2020-03-28 22:54:11][265] Processing: App\Listeners\SendTaskAssignEmail
[2020-03-28 22:54:11][266] Processing: App\Listeners\SendTaskAssignEmail
[2020-03-28 22:54:11][267] Processing: App\Listeners\SendTaskAssignEmail
[2020-03-28 22:54:11][268] Processing: App\Listeners\SendTaskAssignEmail
[2020-03-28 23:01:24][270] Processing: App\Listeners\SendTaskAssignEmail
[2020-03-28 23:01:28][270] Processed:  App\Listeners\SendTaskAssignEmail
[2020-03-28 23:01:28][271] Processing: App\Listeners\SendTaskAssignEmail
[2020-03-28 23:01:31][271] Processed:  App\Listeners\SendTaskAssignEmail
[2020-03-28 23:01:31][272] Processing: App\Listeners\SendTaskAssignEmail
[2020-03-28 23:01:34][272] Processed:  App\Listeners\SendTaskAssignEmail
[2020-03-28 23:01:34][273] Processing: App\Listeners\SendTaskAssignEmail
[2020-03-28 23:01:37][273] Processed:  App\Listeners\SendTaskAssignEmail
[2020-03-28 23:01:37][274] Processing: App\Listeners\SendTaskAssignEmail
[2020-03-28 23:01:40][274] Processed:  App\Listeners\SendTaskAssignEmail
[2020-03-28 23:01:40][275] Processing: App\Listeners\SendTaskAssignEmail
[2020-03-28 23:01:43][275] Processed:  App\Listeners\SendTaskAssignEmail
[2020-03-28 23:01:43][276] Processing: App\Listeners\SendTaskAssignEmail
[2020-03-28 23:01:47][276] Processed:  App\Listeners\SendTaskAssignEmail
[2020-03-28 23:01:55][277] Processing: App\Listeners\SendTaskAssignEmail
[2020-03-28 23:01:58][277] Processed:  App\Listeners\SendTaskAssignEmail
[2020-03-28 23:01:58][278] Processing: App\Listeners\SendTaskAssignEmail
[2020-03-28 23:02:01][278] Processed:  App\Listeners\SendTaskAssignEmail
[2020-03-28 23:02:01][279] Processing: App\Listeners\SendTaskAssignEmail
[2020-03-28 23:02:04][279] Processed:  App\Listeners\SendTaskAssignEmail
[2020-03-28 23:02:04][280] Processing: App\Listeners\SendTaskAssignEmail
[2020-03-28 23:02:07][280] Processed:  App\Listeners\SendTaskAssignEmail
[2020-03-28 23:02:10][281] Processing: App\Listeners\SendTaskAssignEmail
[2020-03-28 23:02:13][281] Processed:  App\Listeners\SendTaskAssignEmail
[2020-03-28 23:03:28][282] Processing: App\Listeners\SendTaskAssignEmail
[2020-03-28 23:03:32][282] Processed:  App\Listeners\SendTaskAssignEmail
[2020-03-28 23:06:20][283] Processing: App\Listeners\SendTaskAssignEmail
[2020-03-28 23:06:24][283] Processed:  App\Listeners\SendTaskAssignEmail
[2020-03-28 23:07:09][284] Processing: App\Listeners\SendTaskAssignEmail
[2020-03-28 23:07:12][284] Processed:  App\Listeners\SendTaskAssignEmail
[2020-03-28 23:09:51][285] Processing: App\Listeners\SendTaskAssignEmail
[2020-03-28 23:09:55][285] Processed:  App\Listeners\SendTaskAssignEmail
[2020-03-28 23:11:16][286] Processing: App\Listeners\SendTaskAssignEmail
[2020-03-28 23:11:20][286] Processed:  App\Listeners\SendTaskAssignEmail
[2020-03-28 23:13:32][287] Processing: App\Listeners\SendTaskAssignEmail
[2020-03-28 23:13:35][287] Processed:  App\Listeners\SendTaskAssignEmail
[2020-03-28 23:14:29][288] Processing: App\Listeners\SendTaskAssignEmail
[2020-03-28 23:14:30][289] Processing: App\Listeners\SendTaskAssignEmail
[2020-03-28 23:14:30][290] Processing: App\Listeners\SendTaskAssignEmail
[2020-03-28 23:14:30][291] Processing: App\Listeners\SendTaskAssignEmail
[2020-03-28 23:14:30][292] Processing: App\Listeners\SendTaskAssignEmail
[2020-03-28 23:14:30][293] Processing: App\Listeners\SendTaskAssignEmail
[2020-03-28 23:14:30][294] Processing: App\Listeners\SendTaskAssignEmail
[2020-03-28 23:14:30][295] Processing: App\Listeners\SendTaskAssignEmail
[2020-03-28 23:14:30][296] Processing: App\Listeners\SendTaskAssignEmail
[2020-03-28 23:14:30][297] Processing: App\Listeners\SendTaskAssignEmail
[2020-03-28 23:14:30][298] Processing: App\Listeners\SendTaskAssignEmail
[2020-03-28 23:14:30][299] Processing: App\Listeners\SendTaskAssignEmail
[2020-03-28 23:14:30][300] Processing: App\Listeners\SendTaskAssignEmail
[2020-03-28 23:14:30][301] Processing: App\Listeners\SendTaskAssignEmail
[2020-03-28 23:14:30][302] Processing: App\Listeners\SendTaskAssignEmail
[2020-03-28 23:14:30][303] Processing: App\Listeners\SendTaskAssignEmail
[2020-03-28 23:14:30][304] Processing: App\Listeners\SendTaskAssignEmail
[2020-03-28 23:14:30][305] Processing: App\Listeners\SendTaskAssignEmail
[2020-03-28 23:14:30][306] Processing: App\Listeners\SendTaskAssignEmail
[2020-03-28 23:14:30][307] Processing: App\Listeners\SendTaskAssignEmail
[2020-03-28 23:14:30][308] Processing: App\Listeners\SendTaskAssignEmail
[2020-03-28 23:14:30][309] Processing: App\Listeners\SendTaskAssignEmail
[2020-03-28 23:14:30][310] Processing: App\Listeners\SendTaskAssignEmail
[2020-03-28 23:14:30][311] Processing: App\Listeners\SendTaskAssignEmail
[2020-03-28 23:14:30][312] Processing: App\Listeners\SendTaskAssignEmail
[2020-03-28 23:14:30][313] Processing: App\Listeners\SendTaskAssignEmail
[2020-03-28 23:14:30][314] Processing: App\Listeners\SendTaskAssignEmail
[2020-03-28 23:14:30][315] Processing: App\Listeners\SendTaskAssignEmail
[2020-03-28 23:14:30][316] Processing: App\Listeners\SendTaskAssignEmail
[2020-03-28 23:14:30][317] Processing: App\Listeners\SendTaskAssignEmail
[2020-03-28 23:14:30][318] Processing: App\Listeners\SendTaskAssignEmail
[2020-03-28 23:14:30][319] Processing: App\Listeners\SendTaskAssignEmail
[2020-03-28 23:14:30][320] Processing: App\Listeners\SendTaskAssignEmail
[2020-03-28 23:14:30][321] Processing: App\Listeners\SendTaskAssignEmail
[2020-03-28 23:14:30][322] Processing: App\Listeners\SendTaskAssignEmail
[2020-03-28 23:14:30][323] Processing: App\Listeners\SendTaskAssignEmail
[2020-03-28 23:14:30][324] Processing: App\Listeners\SendTaskAssignEmail
[2020-03-28 23:14:30][325] Processing: App\Listeners\SendTaskAssignEmail
[2020-03-28 23:14:30][326] Processing: App\Listeners\SendTaskAssignEmail
[2020-03-28 23:14:30][327] Processing: App\Listeners\SendTaskAssignEmail
[2020-03-28 23:14:30][328] Processing: App\Listeners\SendTaskAssignEmail
[2020-03-28 23:14:30][329] Processing: App\Listeners\SendTaskAssignEmail
[2020-03-28 23:14:30][330] Processing: App\Listeners\SendTaskAssignEmail
[2020-03-28 23:14:30][331] Processing: App\Listeners\SendTaskAssignEmail
[2020-03-28 23:14:30][332] Processing: App\Listeners\SendTaskAssignEmail
[2020-03-28 23:14:30][333] Processing: App\Listeners\SendTaskAssignEmail
[2020-03-28 23:14:30][334] Processing: App\Listeners\SendTaskAssignEmail
[2020-03-28 23:14:30][335] Processing: App\Listeners\SendTaskAssignEmail
[2020-03-28 23:14:30][336] Processing: App\Listeners\SendTaskAssignEmail
[2020-03-28 23:14:30][337] Processing: App\Listeners\SendTaskAssignEmail
[2020-03-28 23:14:30][338] Processing: App\Listeners\SendTaskAssignEmail
[2020-03-28 23:14:30][339] Processing: App\Listeners\SendTaskAssignEmail
[2020-03-28 23:14:30][340] Processing: App\Listeners\SendTaskAssignEmail
[2020-03-28 23:14:30][341] Processing: App\Listeners\SendTaskAssignEmail
[2020-03-28 23:14:30][342] Processing: App\Listeners\SendTaskAssignEmail
[2020-03-28 23:14:30][343] Processing: App\Listeners\SendTaskAssignEmail
[2020-03-28 23:14:30][344] Processing: App\Listeners\SendTaskAssignEmail
[2020-03-28 23:14:30][345] Processing: App\Listeners\SendTaskAssignEmail
[2020-03-28 23:14:30][346] Processing: App\Listeners\SendTaskAssignEmail
[2020-03-28 23:14:30][347] Processing: App\Listeners\SendTaskAssignEmail
[2020-03-28 23:14:30][348] Processing: App\Listeners\SendTaskAssignEmail
[2020-03-28 23:14:30][349] Processing: App\Listeners\SendTaskAssignEmail
[2020-03-28 23:14:30][350] Processing: App\Listeners\SendTaskAssignEmail
[2020-03-28 23:14:30][351] Processing: App\Listeners\SendTaskAssignEmail
[2020-03-28 23:14:30][352] Processing: App\Listeners\SendTaskAssignEmail
[2020-03-28 23:14:30][353] Processing: App\Listeners\SendTaskAssignEmail
[2020-03-28 23:14:30][354] Processing: App\Listeners\SendTaskAssignEmail
[2020-03-28 23:14:30][355] Processing: App\Listeners\SendTaskAssignEmail
[2020-03-28 23:14:30][356] Processing: App\Listeners\SendTaskAssignEmail
[2020-03-28 23:14:30][357] Processing: App\Listeners\SendTaskAssignEmail
[2020-03-28 23:14:30][358] Processing: App\Listeners\SendTaskAssignEmail
[2020-03-28 23:14:30][359] Processing: App\Listeners\SendTaskAssignEmail
[2020-03-28 23:14:30][360] Processing: App\Listeners\SendTaskAssignEmail
[2020-03-28 23:14:30][361] Processing: App\Listeners\SendTaskAssignEmail
[2020-03-28 23:14:30][362] Processing: App\Listeners\SendTaskAssignEmail
[2020-03-28 23:14:30][363] Processing: App\Listeners\SendTaskAssignEmail
[2020-03-28 23:14:30][364] Processing: App\Listeners\SendTaskAssignEmail
[2020-03-28 23:14:30][365] Processing: App\Listeners\SendTaskAssignEmail
[2020-03-28 23:14:30][366] Processing: App\Listeners\SendTaskAssignEmail
[2020-03-28 23:14:30][367] Processing: App\Listeners\SendTaskAssignEmail
[2020-03-28 23:14:30][368] Processing: App\Listeners\SendTaskAssignEmail
[2020-03-28 23:14:30][369] Processing: App\Listeners\SendTaskAssignEmail
[2020-03-28 23:14:30][370] Processing: App\Listeners\SendTaskAssignEmail
[2020-03-28 23:14:30][371] Processing: App\Listeners\SendTaskAssignEmail
[2020-03-28 23:14:30][372] Processing: App\Listeners\SendTaskAssignEmail
[2020-03-28 23:14:30][373] Processing: App\Listeners\SendTaskAssignEmail
[2020-03-28 23:14:30][374] Processing: App\Listeners\SendTaskAssignEmail
[2020-03-28 23:14:30][375] Processing: App\Listeners\SendTaskAssignEmail
[2020-03-28 23:14:30][376] Processing: App\Listeners\SendTaskAssignEmail
[2020-03-28 23:14:30][377] Processing: App\Listeners\SendTaskAssignEmail
[2020-03-28 23:14:30][378] Processing: App\Listeners\SendTaskAssignEmail
[2020-03-28 23:14:30][379] Processing: App\Listeners\SendTaskAssignEmail
[2020-03-28 23:14:30][380] Processing: App\Listeners\SendTaskAssignEmail
[2020-03-28 23:14:30][381] Processing: App\Listeners\SendTaskAssignEmail
[2020-03-28 23:14:30][382] Processing: App\Listeners\SendTaskAssignEmail
[2020-03-28 23:14:30][383] Processing: App\Listeners\SendTaskAssignEmail
[2020-03-28 23:14:30][384] Processing: App\Listeners\SendTaskAssignEmail
[2020-03-28 23:14:30][385] Processing: App\Listeners\SendTaskAssignEmail
[2020-03-28 23:14:30][386] Processing: App\Listeners\SendTaskAssignEmail
[2020-03-28 23:14:30][387] Processing: App\Listeners\SendTaskAssignEmail
[2020-03-28 23:14:30][388] Processing: App\Listeners\SendTaskAssignEmail
[2020-03-28 23:14:30][389] Processing: App\Listeners\SendTaskAssignEmail
[2020-03-28 23:14:30][390] Processing: App\Listeners\SendTaskAssignEmail
[2020-03-28 23:14:30][391] Processing: App\Listeners\SendTaskAssignEmail
[2020-03-28 23:14:30][392] Processing: App\Listeners\SendTaskAssignEmail
[2020-03-28 23:14:30][393] Processing: App\Listeners\SendTaskAssignEmail
[2020-03-28 23:14:30][394] Processing: App\Listeners\SendTaskAssignEmail
[2020-03-28 23:14:30][395] Processing: App\Listeners\SendTaskAssignEmail
[2020-03-28 23:14:30][396] Processing: App\Listeners\SendTaskAssignEmail
[2020-03-28 23:14:30][397] Processing: App\Listeners\SendTaskAssignEmail
[2020-03-28 23:14:30][398] Processing: App\Listeners\SendTaskAssignEmail
[2020-03-28 23:14:30][399] Processing: App\Listeners\SendTaskAssignEmail
[2020-03-28 23:14:30][400] Processing: App\Listeners\SendTaskAssignEmail
[2020-03-28 23:14:30][401] Processing: App\Listeners\SendTaskAssignEmail
[2020-03-28 23:14:30][402] Processing: App\Listeners\SendTaskAssignEmail
[2020-03-28 23:14:30][403] Processing: App\Listeners\SendTaskAssignEmail
[2020-03-28 23:14:30][404] Processing: App\Listeners\SendTaskAssignEmail
[2020-03-28 23:14:30][405] Processing: App\Listeners\SendTaskAssignEmail
[2020-03-28 23:14:30][406] Processing: App\Listeners\SendTaskAssignEmail
[2020-03-28 23:14:30][407] Processing: App\Listeners\SendTaskAssignEmail
[2020-03-28 23:14:30][408] Processing: App\Listeners\SendTaskAssignEmail
[2020-03-28 23:14:30][409] Processing: App\Listeners\SendTaskAssignEmail
[2020-03-28 23:14:30][410] Processing: App\Listeners\SendTaskAssignEmail
[2020-03-28 23:14:30][411] Processing: App\Listeners\SendTaskAssignEmail
[2020-03-28 23:14:30][412] Processing: App\Listeners\SendTaskAssignEmail
[2020-03-28 23:14:30][413] Processing: App\Listeners\SendTaskAssignEmail
[2020-03-28 23:14:30][414] Processing: App\Listeners\SendTaskAssignEmail
[2020-03-28 23:14:30][415] Processing: App\Listeners\SendTaskAssignEmail
[2020-03-28 23:14:30][416] Processing: App\Listeners\SendTaskAssignEmail
[2020-03-28 23:14:30][417] Processing: App\Listeners\SendTaskAssignEmail
[2020-03-28 23:14:30][418] Processing: App\Listeners\SendTaskAssignEmail
[2020-03-28 23:14:30][419] Processing: App\Listeners\SendTaskAssignEmail
[2020-03-28 23:14:30][420] Processing: App\Listeners\SendTaskAssignEmail
[2020-03-28 23:14:30][421] Processing: App\Listeners\SendTaskAssignEmail
[2020-03-28 23:14:30][422] Processing: App\Listeners\SendTaskAssignEmail
[2020-03-28 23:14:30][423] Processing: App\Listeners\SendTaskAssignEmail
[2020-03-28 23:14:30][424] Processing: App\Listeners\SendTaskAssignEmail
[2020-03-28 23:14:30][425] Processing: App\Listeners\SendTaskAssignEmail
[2020-03-28 23:14:30][426] Processing: App\Listeners\SendTaskAssignEmail
[2020-03-28 23:14:30][427] Processing: App\Listeners\SendTaskAssignEmail
[2020-03-28 23:14:30][428] Processing: App\Listeners\SendTaskAssignEmail
[2020-03-28 23:14:30][429] Processing: App\Listeners\SendTaskAssignEmail
[2020-03-28 23:14:30][430] Processing: App\Listeners\SendTaskAssignEmail
[2020-03-28 23:14:30][431] Processing: App\Listeners\SendTaskAssignEmail
[2020-03-28 23:14:30][432] Processing: App\Listeners\SendTaskAssignEmail
[2020-03-28 23:14:30][433] Processing: App\Listeners\SendTaskAssignEmail
[2020-03-28 23:14:30][434] Processing: App\Listeners\SendTaskAssignEmail
[2020-03-28 23:14:30][435] Processing: App\Listeners\SendTaskAssignEmail
[2020-03-28 23:14:30][436] Processing: App\Listeners\SendTaskAssignEmail
[2020-03-28 23:14:30][437] Processing: App\Listeners\SendTaskAssignEmail
[2020-03-28 23:14:30][438] Processing: App\Listeners\SendTaskAssignEmail
[2020-03-28 23:14:30][439] Processing: App\Listeners\SendTaskAssignEmail
[2020-03-28 23:14:30][440] Processing: App\Listeners\SendTaskAssignEmail
[2020-03-28 23:14:30][441] Processing: App\Listeners\SendTaskAssignEmail
[2020-03-28 23:14:30][442] Processing: App\Listeners\SendTaskAssignEmail
[2020-03-28 23:14:30][443] Processing: App\Listeners\SendTaskAssignEmail
[2020-03-28 23:14:30][444] Processing: App\Listeners\SendTaskAssignEmail
[2020-03-28 23:14:30][445] Processing: App\Listeners\SendTaskAssignEmail
[2020-03-28 23:14:30][446] Processing: App\Listeners\SendTaskAssignEmail
[2020-03-28 23:14:30][447] Processing: App\Listeners\SendTaskAssignEmail
[2020-03-28 23:14:30][448] Processing: App\Listeners\SendTaskAssignEmail
[2020-03-28 23:14:30][449] Processing: App\Listeners\SendTaskAssignEmail
[2020-03-28 23:14:30][450] Processing: App\Listeners\SendTaskAssignEmail
[2020-03-28 23:14:30][451] Processing: App\Listeners\SendTaskAssignEmail
[2020-03-28 23:14:30][452] Processing: App\Listeners\SendTaskAssignEmail
[2020-03-28 23:14:30][453] Processing: App\Listeners\SendTaskAssignEmail
[2020-03-28 23:14:30][454] Processing: App\Listeners\SendTaskAssignEmail
[2020-03-28 23:14:30][455] Processing: App\Listeners\SendTaskAssignEmail
[2020-03-28 23:14:30][456] Processing: App\Listeners\SendTaskAssignEmail
[2020-03-28 23:14:30][457] Processing: App\Listeners\SendTaskAssignEmail
[2020-03-28 23:14:30][458] Processing: App\Listeners\SendTaskAssignEmail
[2020-03-28 23:14:30][459] Processing: App\Listeners\SendTaskAssignEmail
[2020-03-28 23:14:30][460] Processing: App\Listeners\SendTaskAssignEmail
[2020-03-28 23:14:30][461] Processing: App\Listeners\SendTaskAssignEmail
[2020-03-28 23:14:30][462] Processing: App\Listeners\SendTaskAssignEmail
[2020-03-28 23:14:30][463] Processing: App\Listeners\SendTaskAssignEmail
[2020-03-28 23:14:30][464] Processing: App\Listeners\SendTaskAssignEmail
[2020-03-28 23:14:30][465] Processing: App\Listeners\SendTaskAssignEmail
[2020-03-28 23:14:30][466] Processing: App\Listeners\SendTaskAssignEmail
[2020-03-28 23:14:30][467] Processing: App\Listeners\SendTaskAssignEmail
[2020-03-28 23:14:30][468] Processing: App\Listeners\SendTaskAssignEmail
[2020-03-28 23:14:30][469] Processing: App\Listeners\SendTaskAssignEmail
[2020-03-28 23:14:30][470] Processing: App\Listeners\SendTaskAssignEmail
[2020-03-28 23:14:30][471] Processing: App\Listeners\SendTaskAssignEmail
[2020-03-28 23:14:30][472] Processing: App\Listeners\SendTaskAssignEmail
[2020-03-28 23:14:30][473] Processing: App\Listeners\SendTaskAssignEmail
[2020-03-28 23:14:30][474] Processing: App\Listeners\SendTaskAssignEmail
[2020-03-28 23:14:30][475] Processing: App\Listeners\SendTaskAssignEmail
[2020-03-28 23:14:30][476] Processing: App\Listeners\SendTaskAssignEmail
[2020-03-28 23:14:30][477] Processing: App\Listeners\SendTaskAssignEmail
[2020-03-28 23:14:30][478] Processing: App\Listeners\SendTaskAssignEmail
[2020-03-28 23:14:30][479] Processing: App\Listeners\SendTaskAssignEmail
[2020-03-28 23:14:30][480] Processing: App\Listeners\SendTaskAssignEmail
[2020-03-28 23:14:30][481] Processing: App\Listeners\SendTaskAssignEmail
[2020-03-28 23:14:30][482] Processing: App\Listeners\SendTaskAssignEmail
[2020-03-28 23:14:30][483] Processing: App\Listeners\SendTaskAssignEmail
[2020-03-28 23:14:30][484] Processing: App\Listeners\SendTaskAssignEmail
[2020-03-28 23:14:30][485] Processing: App\Listeners\SendTaskAssignEmail
[2020-03-28 23:14:31][486] Processing: App\Listeners\SendTaskAssignEmail
[2020-03-28 23:14:31][487] Processing: App\Listeners\SendTaskAssignEmail
[2020-03-28 23:14:31][488] Processing: App\Listeners\SendTaskAssignEmail
[2020-03-28 23:14:31][489] Processing: App\Listeners\SendTaskAssignEmail
[2020-03-28 23:14:31][490] Processing: App\Listeners\SendTaskAssignEmail
[2020-03-28 23:14:31][491] Processing: App\Listeners\SendTaskAssignEmail
[2020-03-28 23:14:31][492] Processing: App\Listeners\SendTaskAssignEmail
[2020-03-28 23:14:31][493] Processing: App\Listeners\SendTaskAssignEmail
[2020-03-28 23:14:31][494] Processing: App\Listeners\SendTaskAssignEmail
[2020-03-28 23:14:31][495] Processing: App\Listeners\SendTaskAssignEmail
[2020-03-28 23:14:31][496] Processing: App\Listeners\SendTaskAssignEmail
[2020-03-28 23:14:31][497] Processing: App\Listeners\SendTaskAssignEmail
[2020-03-28 23:14:31][498] Processing: App\Listeners\SendTaskAssignEmail
[2020-03-28 23:14:31][499] Processing: App\Listeners\SendTaskAssignEmail
[2020-03-28 23:14:31][500] Processing: App\Listeners\SendTaskAssignEmail
[2020-03-28 23:14:31][501] Processing: App\Listeners\SendTaskAssignEmail
[2020-03-28 23:14:31][502] Processing: App\Listeners\SendTaskAssignEmail
[2020-03-28 23:14:31][503] Processing: App\Listeners\SendTaskAssignEmail
[2020-03-28 23:14:31][504] Processing: App\Listeners\SendTaskAssignEmail
[2020-03-28 23:14:31][505] Processing: App\Listeners\SendTaskAssignEmail
[2020-03-28 23:14:31][506] Processing: App\Listeners\SendTaskAssignEmail
[2020-03-28 23:14:31][507] Processing: App\Listeners\SendTaskAssignEmail
[2020-03-28 23:14:31][508] Processing: App\Listeners\SendTaskAssignEmail
[2020-03-28 23:14:31][509] Processing: App\Listeners\SendTaskAssignEmail
[2020-03-28 23:14:31][510] Processing: App\Listeners\SendTaskAssignEmail
[2020-03-28 23:14:31][511] Processing: App\Listeners\SendTaskAssignEmail
[2020-03-28 23:14:31][512] Processing: App\Listeners\SendTaskAssignEmail
[2020-03-28 23:14:31][513] Processing: App\Listeners\SendTaskAssignEmail
[2020-03-28 23:14:31][514] Processing: App\Listeners\SendTaskAssignEmail
[2020-03-28 23:14:31][515] Processing: App\Listeners\SendTaskAssignEmail
[2020-03-28 23:14:31][516] Processing: App\Listeners\SendTaskAssignEmail
[2020-03-28 23:14:31][517] Processing: App\Listeners\SendTaskAssignEmail
[2020-03-28 23:14:31][518] Processing: App\Listeners\SendTaskAssignEmail
[2020-03-28 23:14:31][519] Processing: App\Listeners\SendTaskAssignEmail
[2020-03-28 23:14:31][520] Processing: App\Listeners\SendTaskAssignEmail
[2020-03-28 23:14:31][521] Processing: App\Listeners\SendTaskAssignEmail
[2020-03-28 23:14:31][522] Processing: App\Listeners\SendTaskAssignEmail
[2020-03-28 23:14:31][523] Processing: App\Listeners\SendTaskAssignEmail
[2020-03-28 23:14:31][524] Processing: App\Listeners\SendTaskAssignEmail
[2020-03-28 23:14:31][525] Processing: App\Listeners\SendTaskAssignEmail
[2020-03-28 23:14:31][526] Processing: App\Listeners\SendTaskAssignEmail
[2020-03-28 23:14:31][527] Processing: App\Listeners\SendTaskAssignEmail
[2020-03-28 23:14:31][528] Processing: App\Listeners\SendTaskAssignEmail
[2020-03-28 23:14:31][529] Processing: App\Listeners\SendTaskAssignEmail
[2020-03-28 23:14:31][530] Processing: App\Listeners\SendTaskAssignEmail
[2020-03-28 23:14:31][531] Processing: App\Listeners\SendTaskAssignEmail
[2020-03-28 23:14:31][532] Processing: App\Listeners\SendTaskAssignEmail
[2020-03-28 23:14:31][533] Processing: App\Listeners\SendTaskAssignEmail
[2020-03-28 23:14:31][534] Processing: App\Listeners\SendTaskAssignEmail
[2020-03-28 23:14:31][535] Processing: App\Listeners\SendTaskAssignEmail
[2020-03-28 23:14:31][536] Processing: App\Listeners\SendTaskAssignEmail
[2020-03-28 23:14:31][537] Processing: App\Listeners\SendTaskAssignEmail
[2020-03-28 23:14:31][538] Processing: App\Listeners\SendTaskAssignEmail
[2020-03-28 23:14:31][539] Processing: App\Listeners\SendTaskAssignEmail
[2020-03-28 23:14:31][540] Processing: App\Listeners\SendTaskAssignEmail
[2020-03-28 23:14:31][541] Processing: App\Listeners\SendTaskAssignEmail
[2020-03-28 23:14:31][542] Processing: App\Listeners\SendTaskAssignEmail
[2020-03-28 23:17:02][544] Processing: App\Listeners\SendTaskAssignEmail
[2020-03-28 23:17:06][544] Processed:  App\Listeners\SendTaskAssignEmail
[2020-03-28 23:18:51][545] Processing: App\Listeners\SendTaskAssignEmail
[2020-03-28 23:18:54][545] Processed:  App\Listeners\SendTaskAssignEmail
[2020-03-28 23:20:30][546] Processing: App\Listeners\SendTaskAssignEmail
[2020-03-28 23:20:33][546] Processed:  App\Listeners\SendTaskAssignEmail
[2020-03-28 23:27:55][547] Processing: App\Listeners\SendTaskAssignEmail
[2020-03-28 23:27:58][547] Processed:  App\Listeners\SendTaskAssignEmail
